#
# A fatal error has been detected by the Java Runtime Environment:
#
#  Internal Error (nmethod.cpp:1836), pid=7112, tid=11604
#  Error: guarantee(cont_offset != 0,"unhandled implicit exception in compiled code")
#
# JRE version: 6.0_14-b08
# Java VM: Java HotSpot(TM) Client VM (14.0-b16 mixed mode windows-x86 )
# If you would like to submit a bug report, please visit:
#   http://java.sun.com/webapps/bugreport/crash.jsp
#

---------------  T H R E A D  ---------------

Current thread (0x0bcdc800):  JavaThread "172.18.119.254" [_thread_in_Java, id=11604, stack(0x0bb50000,0x0bba0000)]

Stack: [0x0bb50000,0x0bba0000],  sp=0x0bb9ef7c,  free space=315k
Native frames: (J=compiled Java code, j=interpreted, Vv=VM code, C=native code)
V  [jvm.dll+0x1e5fe7]
V  [jvm.dll+0xa05e8]
V  [jvm.dll+0x165f8f]
V  [jvm.dll+0x1966b6]
V  [jvm.dll+0x172c2a]
V  [jvm.dll+0x173d6f]
V  [jvm.dll+0xecc87]
V  [jvm.dll+0xeccfd]
V  [jvm.dll+0x115d60]
V  [jvm.dll+0x1cfd44]
V  [jvm.dll+0x1739dc]
C  [msvcr71.dll+0x9565]
C  [kernel32.dll+0xb729]


---------------  P R O C E S S  ---------------

Java Threads: ( => current thread )
=>0x0bcdc800 JavaThread "172.18.119.254" [_thread_in_Java, id=11604, stack(0x0bb50000,0x0bba0000)]
  0x0afa7800 JavaThread "MySQL Statement Cancellation Timer" daemon [_thread_blocked, id=6908, stack(0x0ba60000,0x0bab0000)]
  0x0af11000 JavaThread "AWT-Windows" daemon [_thread_in_native, id=10408, stack(0x0b1d0000,0x0b220000)]
  0x0aea4400 JavaThread "Java2D Disposer" daemon [_thread_blocked, id=2240, stack(0x0b130000,0x0b180000)]
  0x00846400 JavaThread "DestroyJavaVM" [_thread_blocked, id=10776, stack(0x008e0000,0x00930000)]
  0x0ab47000 JavaThread "Timer-1" [_thread_blocked, id=10384, stack(0x0ae50000,0x0aea0000)]
  0x0ab37800 JavaThread "Timer-0" [_thread_blocked, id=6488, stack(0x0ae00000,0x0ae50000)]
  0x0ab17000 JavaThread "Low Memory Detector" daemon [_thread_blocked, id=3180, stack(0x0ad60000,0x0adb0000)]
  0x0ab11400 JavaThread "CompilerThread0" daemon [_thread_blocked, id=1956, stack(0x0ad10000,0x0ad60000)]
  0x0ab0b000 JavaThread "Attach Listener" daemon [_thread_blocked, id=11568, stack(0x0acc0000,0x0ad10000)]
  0x0ab09c00 JavaThread "Signal Dispatcher" daemon [_thread_blocked, id=9904, stack(0x0ac70000,0x0acc0000)]
  0x0aaf8800 JavaThread "Finalizer" daemon [_thread_blocked, id=9456, stack(0x0ac20000,0x0ac70000)]
  0x0aaf4000 JavaThread "Reference Handler" daemon [_thread_blocked, id=11768, stack(0x0abd0000,0x0ac20000)]

Other Threads:
  0x0aaf0000 VMThread [stack: 0x0ab80000,0x0abd0000] [id=8272]
  0x0ab19400 WatcherThread [stack: 0x0adb0000,0x0ae00000] [id=3664]

VM state:not at safepoint (normal execution)

VM Mutex/Monitor currently owned by a thread: None

Heap
 def new generation   total 960K, used 377K [0x029e0000, 0x02ae0000, 0x02ec0000)
  eden space 896K,  42% used [0x029e0000, 0x02a3e6e0, 0x02ac0000)
  from space 64K,   0% used [0x02ad0000, 0x02ad0000, 0x02ae0000)
  to   space 64K,   0% used [0x02ac0000, 0x02ac0000, 0x02ad0000)
 tenured generation   total 4096K, used 1403K [0x02ec0000, 0x032c0000, 0x069e0000)
   the space 4096K,  34% used [0x02ec0000, 0x0301ec80, 0x0301ee00, 0x032c0000)
 compacting perm gen  total 12288K, used 8543K [0x069e0000, 0x075e0000, 0x0a9e0000)
   the space 12288K,  69% used [0x069e0000, 0x07237ec8, 0x07238000, 0x075e0000)
No shared spaces configured.

Dynamic libraries:
0x00400000 - 0x00424000 	D:\Program Files\Java\jdk1.6.0_14\jre\bin\javaw.exe
0x7c920000 - 0x7c9b6000 	C:\WINDOWS\system32\ntdll.dll
0x7c800000 - 0x7c91e000 	C:\WINDOWS\system32\kernel32.dll
0x77da0000 - 0x77e49000 	C:\WINDOWS\system32\ADVAPI32.dll
0x77e50000 - 0x77ee3000 	C:\WINDOWS\system32\RPCRT4.dll
0x77fc0000 - 0x77fd1000 	C:\WINDOWS\system32\Secur32.dll
0x77d10000 - 0x77da0000 	C:\WINDOWS\system32\USER32.dll
0x77ef0000 - 0x77f39000 	C:\WINDOWS\system32\GDI32.dll
0x76300000 - 0x7631d000 	C:\WINDOWS\system32\IMM32.DLL
0x62c20000 - 0x62c29000 	C:\WINDOWS\system32\LPK.DLL
0x73fa0000 - 0x7400b000 	C:\WINDOWS\system32\USP10.dll
0x7c340000 - 0x7c396000 	D:\Program Files\Java\jdk1.6.0_14\jre\bin\msvcr71.dll
0x6d8b0000 - 0x6db3b000 	D:\Program Files\Java\jdk1.6.0_14\jre\bin\client\jvm.dll
0x76b10000 - 0x76b3a000 	C:\WINDOWS\system32\WINMM.dll
0x6d860000 - 0x6d86c000 	D:\Program Files\Java\jdk1.6.0_14\jre\bin\verify.dll
0x6d3e0000 - 0x6d3ff000 	D:\Program Files\Java\jdk1.6.0_14\jre\bin\java.dll
0x6d340000 - 0x6d348000 	D:\Program Files\Java\jdk1.6.0_14\jre\bin\hpi.dll
0x76bc0000 - 0x76bcb000 	C:\WINDOWS\system32\PSAPI.DLL
0x6d8a0000 - 0x6d8af000 	D:\Program Files\Java\jdk1.6.0_14\jre\bin\zip.dll
0x6d0b0000 - 0x6d1fa000 	D:\Program Files\Java\jdk1.6.0_14\jre\bin\awt.dll
0x72f70000 - 0x72f96000 	C:\WINDOWS\system32\WINSPOOL.DRV
0x77be0000 - 0x77c38000 	C:\WINDOWS\system32\msvcrt.dll
0x76990000 - 0x76ace000 	C:\WINDOWS\system32\ole32.dll
0x77180000 - 0x77283000 	C:\WINDOWS\WinSxS\x86_Microsoft.Windows.Common-Controls_6595b64144ccf1df_6.0.2600.6028_x-ww_61e65202\comctl32.dll
0x77f40000 - 0x77fb6000 	C:\WINDOWS\system32\SHLWAPI.dll
0x5adc0000 - 0x5adf7000 	C:\WINDOWS\system32\uxtheme.dll
0x10000000 - 0x10085000 	C:\Documents and Settings\All Users\Application Data\Tencent\TSVulFw\TSVulFW.DAT
0x77bd0000 - 0x77bd8000 	C:\WINDOWS\system32\VERSION.dll
0x63000000 - 0x630e6000 	C:\WINDOWS\system32\WININET.dll
0x0b220000 - 0x0b229000 	C:\WINDOWS\system32\Normaliz.dll
0x1a400000 - 0x1a532000 	C:\WINDOWS\system32\urlmon.dll
0x770f0000 - 0x7717b000 	C:\WINDOWS\system32\OLEAUT32.dll
0x5dca0000 - 0x5de88000 	C:\WINDOWS\system32\iertutil.dll
0x7d590000 - 0x7dd84000 	C:\WINDOWS\system32\SHELL32.dll
0x71a20000 - 0x71a37000 	C:\WINDOWS\system32\WS2_32.dll
0x71a10000 - 0x71a18000 	C:\WINDOWS\system32\WS2HELP.dll
0x76320000 - 0x76367000 	C:\WINDOWS\system32\comdlg32.dll
0x7c420000 - 0x7c4a7000 	C:\WINDOWS\WinSxS\x86_Microsoft.VC80.CRT_1fc8b3b9a1e18e3b_8.0.50727.4053_x-ww_e6967989\MSVCP80.dll
0x78130000 - 0x781cb000 	C:\WINDOWS\WinSxS\x86_Microsoft.VC80.CRT_1fc8b3b9a1e18e3b_8.0.50727.4053_x-ww_e6967989\MSVCR80.dll
0x76d30000 - 0x76d48000 	C:\WINDOWS\system32\iphlpapi.dll
0x0b540000 - 0x0b5bb000 	C:\Program Files\360\360Safe\safemon\safemon.dll
0x75ff0000 - 0x76055000 	C:\WINDOWS\system32\MSVCP60.dll
0x74680000 - 0x746cc000 	C:\WINDOWS\system32\MSCTF.dll
0x73640000 - 0x7366e000 	C:\WINDOWS\system32\msctfime.ime
0x0b620000 - 0x0b917000 	C:\WINDOWS\system32\QQPINYIN.IME
0x76f20000 - 0x76f28000 	C:\WINDOWS\system32\WTSAPI32.dll
0x762d0000 - 0x762e0000 	C:\WINDOWS\system32\WINSTA.dll
0x5fdd0000 - 0x5fe25000 	C:\WINDOWS\system32\NETAPI32.dll
0x762f0000 - 0x762f5000 	C:\WINDOWS\system32\MSIMG32.dll
0x6d2e0000 - 0x6d334000 	D:\Program Files\Java\jdk1.6.0_14\jre\bin\fontmanager.dll
0x6d6c0000 - 0x6d6d3000 	D:\Program Files\Java\jdk1.6.0_14\jre\bin\net.dll
0x6d6e0000 - 0x6d6e9000 	D:\Program Files\Java\jdk1.6.0_14\jre\bin\nio.dll
0x719c0000 - 0x719fe000 	C:\WINDOWS\system32\mswsock.dll
0x60fd0000 - 0x61025000 	C:\WINDOWS\system32\hnetcfg.dll
0x71a00000 - 0x71a08000 	C:\WINDOWS\System32\wshtcpip.dll
0x76ef0000 - 0x76f17000 	C:\WINDOWS\system32\DNSAPI.dll
0x76f80000 - 0x76f88000 	C:\WINDOWS\System32\winrnr.dll
0x76f30000 - 0x76f5c000 	C:\WINDOWS\system32\WLDAP32.dll
0x74cc0000 - 0x74cde000 	C:\WINDOWS\system32\wshbth.dll
0x76060000 - 0x761b6000 	C:\WINDOWS\system32\SETUPAPI.dll
0x76f90000 - 0x76f96000 	C:\WINDOWS\system32\rasadhlp.dll
0x68000000 - 0x68036000 	C:\WINDOWS\system32\rsaenh.dll
0x759d0000 - 0x75a7f000 	C:\WINDOWS\system32\USERENV.dll
0x0b360000 - 0x0b36f000 	D:\Program Files\Dict\5.0.33.3225\WordStrokeHelper32.dll

VM Arguments:
java_command: snmp.Task
Launcher Type: SUN_STANDARD

Environment Variables:
CLASSPATH=D:\Program Files\Java\jdk1.6.0_14\jre\lib;,;
PATH=C:\WINDOWS\system32;C:\WINDOWS;C:\WINDOWS\System32\Wbem;d:\Program Files\Tencent\QQPCMgr\6.6.2143.201;D:\Program Files\Java\jdk1.6.0_14\bin;D:\Program Files\MySQL\MySQL Server 5.1\bin;,;d:\Program Files\Tencent\QQPCMgr\6.6.2143.201
USERNAME=Administrator
OS=Windows_NT
PROCESSOR_IDENTIFIER=x86 Family 6 Model 15 Stepping 11, GenuineIntel



---------------  S Y S T E M  ---------------

OS: Windows XP Build 2600 Service Pack 3

CPU:total 2 (2 cores per cpu, 1 threads per core) family 6 model 15 stepping 11, cmov, cx8, fxsr, mmx, sse, sse2, sse3, ssse3

Memory: 4k page, physical 2096164k(462480k free), swap 4034956k(1833656k free)

vm_info: Java HotSpot(TM) Client VM (14.0-b16) for windows-x86 JRE (1.6.0_14-b08), built on May 21 2009 08:03:56 by "java_re" with MS VC++ 7.1

time: Fri Apr 06 20:51:39 2012
elapsed time: 21600 seconds

