#
# A fatal error has been detected by the Java Runtime Environment:
#
#  EXCEPTION_ACCESS_VIOLATION (0xc0000005) at pc=0x0b43158a, pid=4776, tid=2644
#
# JRE version: 6.0_14-b08
# Java VM: Java HotSpot(TM) Client VM (14.0-b16 mixed mode windows-x86 )
# Problematic frame:
# C  [QQPINYIN.IME+0x158a]
#
# If you would like to submit a bug report, please visit:
#   http://java.sun.com/webapps/bugreport/crash.jsp
# The crash happened outside the Java Virtual Machine in native code.
# See problematic frame for where to report the bug.
#

---------------  T H R E A D  ---------------

Current thread (0x0ab7f400):  JavaThread "AWT-Windows" daemon [_thread_in_native, id=2644, stack(0x0b140000,0x0b190000)]

siginfo: ExceptionCode=0xc0000005, reading address 0x6b8d5582

Registers:
EAX=0x6b8d5556, EBX=0x00000000, ECX=0x251c07c0, EDX=0x0000034e
ESP=0x0b18f8e4, EBP=0x77d4048f, ESI=0x0b6f84d0, EDI=0x00000000
EIP=0x0b43158a, EFLAGS=0x00010206

Top of Stack: (sp=0x0b18f8e4)
0x0b18f8e4:   251c07e4 000604d0 39c60807 77d188a6
0x0b18f8f4:   000bc560 7c9331df 0b68a978 00850068
0x0b18f904:   000604d0 0085006c 0b18f944 77d188d1
0x0b18f914:   005f5608 00000000 77d188da 000604d0
0x0b18f924:   0085006c 39c60807 00000000 0b18f920
0x0b18f934:   00000000 77d4048f 77d188e0 0b18f998
0x0b18f944:   0b6243d8 00000002 0b493499 39c60807
0x0b18f954:   251c0654 0b18fa44 0b490660 0b18f9dc 

Instructions: (pc=0x0b43158a)
0x0b43157a:   c6 44 24 64 02 8b 45 50 3b c3 0f 84 ec 04 00 00
0x0b43158a:   39 58 2c 0f 84 e3 04 00 00 8b 40 2c 8b 10 8b 92 


Stack: [0x0b140000,0x0b190000],  sp=0x0b18f8e4,  free space=318k
Native frames: (J=compiled Java code, j=interpreted, Vv=VM code, C=native code)
C  [QQPINYIN.IME+0x158a]

Java frames: (J=compiled Java code, j=interpreted, Vv=VM code)
j  sun.awt.windows.WToolkit.eventLoop()V+0
j  sun.awt.windows.WToolkit.run()V+69
j  java.lang.Thread.run()V+11
v  ~StubRoutines::call_stub

---------------  P R O C E S S  ---------------

Java Threads: ( => current thread )
  0x0aeed400 JavaThread "TimerQueue" daemon [_thread_blocked, id=4192, stack(0x0c670000,0x0c6c0000)]
  0x00846400 JavaThread "DestroyJavaVM" [_thread_blocked, id=3704, stack(0x00900000,0x00950000)]
  0x0affe400 JavaThread "Timer-0" [_thread_blocked, id=4200, stack(0x0c0f0000,0x0c140000)]
  0x0ab22400 JavaThread "AWT-EventQueue-0" [_thread_in_native, id=6092, stack(0x0c0a0000,0x0c0f0000)]
  0x0afac400 JavaThread "MySQL Statement Cancellation Timer" daemon [_thread_blocked, id=3960, stack(0x0bc00000,0x0bc50000)]
=>0x0ab7f400 JavaThread "AWT-Windows" daemon [_thread_in_native, id=2644, stack(0x0b140000,0x0b190000)]
  0x0ab57c00 JavaThread "AWT-Shutdown" [_thread_blocked, id=4916, stack(0x0b0f0000,0x0b140000)]
  0x0ab6c800 JavaThread "Java2D Disposer" daemon [_thread_blocked, id=2412, stack(0x0b0a0000,0x0b0f0000)]
  0x0ab36c00 JavaThread "Low Memory Detector" daemon [_thread_blocked, id=4352, stack(0x0ad80000,0x0add0000)]
  0x0ab31400 JavaThread "CompilerThread0" daemon [_thread_blocked, id=2564, stack(0x0ad30000,0x0ad80000)]
  0x0ab2b000 JavaThread "Attach Listener" daemon [_thread_blocked, id=6108, stack(0x0ace0000,0x0ad30000)]
  0x0ab29c00 JavaThread "Signal Dispatcher" daemon [_thread_blocked, id=796, stack(0x0ac90000,0x0ace0000)]
  0x0ab18800 JavaThread "Finalizer" daemon [_thread_blocked, id=4836, stack(0x0ac40000,0x0ac90000)]
  0x0ab14000 JavaThread "Reference Handler" daemon [_thread_blocked, id=3180, stack(0x0abf0000,0x0ac40000)]

Other Threads:
  0x0ab10000 VMThread [stack: 0x0aba0000,0x0abf0000] [id=5304]
  0x0ab39400 WatcherThread [stack: 0x0add0000,0x0ae20000] [id=5168]

VM state:not at safepoint (normal execution)

VM Mutex/Monitor currently owned by a thread: None

Heap
 def new generation   total 960K, used 528K [0x02a00000, 0x02b00000, 0x02ee0000)
  eden space 896K,  59% used [0x02a00000, 0x02a84298, 0x02ae0000)
  from space 64K,   0% used [0x02ae0000, 0x02ae0000, 0x02af0000)
  to   space 64K,   0% used [0x02af0000, 0x02af0000, 0x02b00000)
 tenured generation   total 11552K, used 9238K [0x02ee0000, 0x03a28000, 0x06a00000)
   the space 11552K,  79% used [0x02ee0000, 0x037e5a48, 0x037e5c00, 0x03a28000)
 compacting perm gen  total 12288K, used 12023K [0x06a00000, 0x07600000, 0x0aa00000)
   the space 12288K,  97% used [0x06a00000, 0x075bdeb0, 0x075be000, 0x07600000)
No shared spaces configured.

Dynamic libraries:
0x00400000 - 0x00424000 	D:\Program Files\Java\jdk1.6.0_14\jre\bin\javaw.exe
0x7c920000 - 0x7c9b6000 	C:\WINDOWS\system32\ntdll.dll
0x7c800000 - 0x7c91e000 	C:\WINDOWS\system32\kernel32.dll
0x77da0000 - 0x77e49000 	C:\WINDOWS\system32\ADVAPI32.dll
0x77e50000 - 0x77ee3000 	C:\WINDOWS\system32\RPCRT4.dll
0x77fc0000 - 0x77fd1000 	C:\WINDOWS\system32\Secur32.dll
0x77d10000 - 0x77da0000 	C:\WINDOWS\system32\USER32.dll
0x77ef0000 - 0x77f39000 	C:\WINDOWS\system32\GDI32.dll
0x76300000 - 0x7631d000 	C:\WINDOWS\system32\IMM32.DLL
0x62c20000 - 0x62c29000 	C:\WINDOWS\system32\LPK.DLL
0x73fa0000 - 0x7400b000 	C:\WINDOWS\system32\USP10.dll
0x7c340000 - 0x7c396000 	D:\Program Files\Java\jdk1.6.0_14\jre\bin\msvcr71.dll
0x6d8b0000 - 0x6db3b000 	D:\Program Files\Java\jdk1.6.0_14\jre\bin\client\jvm.dll
0x76b10000 - 0x76b3a000 	C:\WINDOWS\system32\WINMM.dll
0x5dba0000 - 0x5dba8000 	C:\WINDOWS\system32\rdpsnd.dll
0x762d0000 - 0x762e0000 	C:\WINDOWS\system32\WINSTA.dll
0x5fdd0000 - 0x5fe25000 	C:\WINDOWS\system32\NETAPI32.dll
0x77be0000 - 0x77c38000 	C:\WINDOWS\system32\msvcrt.dll
0x76bc0000 - 0x76bcb000 	C:\WINDOWS\system32\PSAPI.DLL
0x6d860000 - 0x6d86c000 	D:\Program Files\Java\jdk1.6.0_14\jre\bin\verify.dll
0x6d3e0000 - 0x6d3ff000 	D:\Program Files\Java\jdk1.6.0_14\jre\bin\java.dll
0x6d340000 - 0x6d348000 	D:\Program Files\Java\jdk1.6.0_14\jre\bin\hpi.dll
0x6d8a0000 - 0x6d8af000 	D:\Program Files\Java\jdk1.6.0_14\jre\bin\zip.dll
0x6d0b0000 - 0x6d1fa000 	D:\Program Files\Java\jdk1.6.0_14\jre\bin\awt.dll
0x72f70000 - 0x72f96000 	C:\WINDOWS\system32\WINSPOOL.DRV
0x76990000 - 0x76ace000 	C:\WINDOWS\system32\ole32.dll
0x77180000 - 0x77283000 	C:\WINDOWS\WinSxS\x86_Microsoft.Windows.Common-Controls_6595b64144ccf1df_6.0.2600.6028_x-ww_61e65202\comctl32.dll
0x77f40000 - 0x77fb6000 	C:\WINDOWS\system32\SHLWAPI.dll
0x5adc0000 - 0x5adf7000 	C:\WINDOWS\system32\uxtheme.dll
0x10000000 - 0x10085000 	C:\Documents and Settings\All Users\Application Data\Tencent\TSVulFw\TSVulFW.DAT
0x77bd0000 - 0x77bd8000 	C:\WINDOWS\system32\VERSION.dll
0x76680000 - 0x76726000 	C:\WINDOWS\system32\WININET.dll
0x765e0000 - 0x76673000 	C:\WINDOWS\system32\CRYPT32.dll
0x76db0000 - 0x76dc2000 	C:\WINDOWS\system32\MSASN1.dll
0x770f0000 - 0x7717b000 	C:\WINDOWS\system32\OLEAUT32.dll
0x7eae0000 - 0x7eb81000 	C:\WINDOWS\system32\urlmon.dll
0x7d590000 - 0x7dd84000 	C:\WINDOWS\system32\SHELL32.dll
0x71a20000 - 0x71a37000 	C:\WINDOWS\system32\WS2_32.dll
0x71a10000 - 0x71a18000 	C:\WINDOWS\system32\WS2HELP.dll
0x76320000 - 0x76367000 	C:\WINDOWS\system32\comdlg32.dll
0x7c420000 - 0x7c4a7000 	C:\WINDOWS\WinSxS\x86_Microsoft.VC80.CRT_1fc8b3b9a1e18e3b_8.0.50727.4053_x-ww_e6967989\MSVCP80.dll
0x78130000 - 0x781cb000 	C:\WINDOWS\WinSxS\x86_Microsoft.VC80.CRT_1fc8b3b9a1e18e3b_8.0.50727.4053_x-ww_e6967989\MSVCR80.dll
0x76d30000 - 0x76d48000 	C:\WINDOWS\system32\iphlpapi.dll
0x0b350000 - 0x0b3cb000 	C:\Program Files\360\360Safe\safemon\safemon.dll
0x75ff0000 - 0x76055000 	C:\WINDOWS\system32\MSVCP60.dll
0x74680000 - 0x746cc000 	C:\WINDOWS\system32\MSCTF.dll
0x73640000 - 0x7366e000 	C:\WINDOWS\system32\msctfime.ime
0x0b430000 - 0x0b6ea000 	C:\WINDOWS\system32\QQPINYIN.IME
0x76f20000 - 0x76f28000 	C:\WINDOWS\system32\WTSAPI32.dll
0x762f0000 - 0x762f5000 	C:\WINDOWS\system32\MSIMG32.dll
0x6d2e0000 - 0x6d334000 	D:\Program Files\Java\jdk1.6.0_14\jre\bin\fontmanager.dll
0x6d6c0000 - 0x6d6d3000 	D:\Program Files\Java\jdk1.6.0_14\jre\bin\net.dll
0x6d6e0000 - 0x6d6e9000 	D:\Program Files\Java\jdk1.6.0_14\jre\bin\nio.dll
0x719c0000 - 0x719fe000 	C:\WINDOWS\system32\mswsock.dll
0x60fd0000 - 0x61025000 	C:\WINDOWS\system32\hnetcfg.dll
0x71a00000 - 0x71a08000 	C:\WINDOWS\System32\wshtcpip.dll
0x0c290000 - 0x0c29f000 	D:\Program Files\Dict\WordStrokeHelper32.dll
0x76060000 - 0x761b6000 	C:\WINDOWS\system32\SETUPAPI.dll
0x76fa0000 - 0x7701f000 	C:\WINDOWS\system32\CLBCATQ.DLL
0x77020000 - 0x770ba000 	C:\WINDOWS\system32\COMRes.dll
0x6d500000 - 0x6d524000 	D:\Program Files\Java\jdk1.6.0_14\jre\bin\jpeg.dll
0x76ef0000 - 0x76f17000 	C:\WINDOWS\system32\DNSAPI.dll
0x76f80000 - 0x76f88000 	C:\WINDOWS\System32\winrnr.dll
0x76f30000 - 0x76f5c000 	C:\WINDOWS\system32\WLDAP32.dll
0x74cc0000 - 0x74cde000 	C:\WINDOWS\system32\wshbth.dll
0x76f90000 - 0x76f96000 	C:\WINDOWS\system32\rasadhlp.dll
0x68000000 - 0x68036000 	C:\WINDOWS\system32\rsaenh.dll
0x759d0000 - 0x75a7f000 	C:\WINDOWS\system32\USERENV.dll

VM Arguments:
java_command: gui.MonitorPanel
Launcher Type: SUN_STANDARD

Environment Variables:
CLASSPATH=D:\Program Files\Java\jdk1.6.0_14\jre\lib;,;
PATH=C:\WINDOWS\system32;C:\WINDOWS;C:\WINDOWS\System32\Wbem;d:\Program Files\Tencent\QQPCMgr\6.6.2143.201;D:\Program Files\Java\jdk1.6.0_14\bin;D:\Program Files\MySQL\MySQL Server 5.1\bin;,;d:\Program Files\Tencent\QQPCMgr\6.6.2143.201
USERNAME=Administrator
OS=Windows_NT
PROCESSOR_IDENTIFIER=x86 Family 6 Model 15 Stepping 11, GenuineIntel



---------------  S Y S T E M  ---------------

OS: Windows XP Build 2600 Service Pack 3

CPU:total 2 (2 cores per cpu, 1 threads per core) family 6 model 15 stepping 11, cmov, cx8, fxsr, mmx, sse, sse2, sse3, ssse3

Memory: 4k page, physical 2096164k(959132k free), swap 4034956k(2488940k free)

vm_info: Java HotSpot(TM) Client VM (14.0-b16) for windows-x86 JRE (1.6.0_14-b08), built on May 21 2009 08:03:56 by "java_re" with MS VC++ 7.1

time: Thu Mar 22 14:30:30 2012
elapsed time: 147 seconds

